{
    "FunctionName": "hello-cli",
    "FunctionArn": "arn:aws:lambda:us-east-1:009700610486:function:hello-cli",
    "Runtime": "nodejs12.x",
    "Role": "arn:aws:iam::009700610486:role/lambda-exemplo",
    "Handler": "index.handler",
    "CodeSize": 331,
    "Description": "",
    "Timeout": 3,
    "MemorySize": 128,
    "LastModified": "2021-12-21T04:06:10.023+0000",
    "CodeSha256": "CpL6xa3rEgduXn86SC3IWgKLihdSOkkkKSRSktg4II0=",
    "Version": "$LATEST",
    "TracingConfig": {
        "Mode": "PassThrough"
    },
    "RevisionId": "203113e9-7ffd-48cd-bc94-0cb9182e1277",
    "State": "Pending",
    "StateReason": "The function is being created.",
    "StateReasonCode": "Creating",
    "PackageType": "Zip",
    "Architectures": [
        "x86_64"
    ]
}
